[debug] [2024-06-12T06:37:06.036Z] ----------------------------------------------------------------------
[debug] [2024-06-12T06:37:06.041Z] Command:       /Users/rishan/.nvm/versions/node/v22.3.0/bin/node /Users/rishan/.nvm/versions/node/v22.3.0/bin/firebase init
[debug] [2024-06-12T06:37:06.041Z] CLI Version:   13.11.2
[debug] [2024-06-12T06:37:06.042Z] Platform:      darwin
[debug] [2024-06-12T06:37:06.042Z] Node Version:  v22.3.0
[debug] [2024-06-12T06:37:06.042Z] Time:          Wed Jun 12 2024 12:07:06 GMT+0530 (India Standard Time)
[debug] [2024-06-12T06:37:06.042Z] ----------------------------------------------------------------------
[debug] 
[debug] [2024-06-12T06:37:06.049Z] > command requires scopes: ["email","openid","https://www.googleapis.com/auth/cloudplatformprojects.readonly","https://www.googleapis.com/auth/firebase","https://www.googleapis.com/auth/cloud-platform"]
[debug] [2024-06-12T06:37:06.049Z] > authorizing via signed-in user (rishanmuyeen14@gmail.com)
[info] 
     ######## #### ########  ######## ########     ###     ######  ########
     ##        ##  ##     ## ##       ##     ##  ##   ##  ##       ##
     ######    ##  ########  ######   ########  #########  ######  ######
     ##        ##  ##    ##  ##       ##     ## ##     ##       ## ##
     ##       #### ##     ## ######## ########  ##     ##  ######  ########

You're about to initialize a Firebase project in this directory:

  /Users/rishan/Documents/React/Project1

[info] 
=== Project Setup
[info] 
[info] First, let's associate this project directory with a Firebase project.
[info] You can create multiple project aliases by running firebase use --add, 
[info] but for now we'll just set up a default project.
[info] 
[debug] [2024-06-12T06:38:26.051Z] >>> [apiv2][query] GET https://firebase.googleapis.com/v1beta1/projects pageSize=100
[debug] [2024-06-12T06:38:26.985Z] <<< [apiv2][status] GET https://firebase.googleapis.com/v1beta1/projects 200
[debug] [2024-06-12T06:38:26.986Z] <<< [apiv2][body] GET https://firebase.googleapis.com/v1beta1/projects [omitted]
[info] i  Using project react-project-8b6f6 (React-Project) 
[info] 
=== Hosting Setup
[debug] [2024-06-12T06:38:46.293Z] >>> [apiv2][query] GET https://firebase.googleapis.com/v1beta1/projects/react-project-8b6f6 [none]
[debug] [2024-06-12T06:38:46.966Z] <<< [apiv2][status] GET https://firebase.googleapis.com/v1beta1/projects/react-project-8b6f6 200
[debug] [2024-06-12T06:38:46.967Z] <<< [apiv2][body] GET https://firebase.googleapis.com/v1beta1/projects/react-project-8b6f6 {"projectId":"react-project-8b6f6","projectNumber":"75427401017","displayName":"React-Project","name":"projects/react-project-8b6f6","resources":{"hostingSite":"react-project-8b6f6"},"state":"ACTIVE","etag":"1_ea077c04-93a1-45ea-993e-fc7c6a40de3b"}
[info] 
[info] Your public directory is the folder (relative to your project directory) that
[info] will contain Hosting assets to be uploaded with firebase deploy. If you
[info] have a build process for your assets, use your build's output directory.
[info] 
[info] ✔  Wrote public/404.html 
[debug] [2024-06-12T06:41:27.008Z] >>> [apiv2][query] GET https://www.gstatic.com/firebasejs/releases.json [none]
[debug] [2024-06-12T06:41:27.444Z] <<< [apiv2][status] GET https://www.gstatic.com/firebasejs/releases.json 200
[debug] [2024-06-12T06:41:27.445Z] <<< [apiv2][body] GET https://www.gstatic.com/firebasejs/releases.json {"current":{"version":"10.12.2","browserURL":"https://www.gstatic.com/firebasejs/10.12.2/firebase.js","packageURL":"https://www.gstatic.com/firebasejs/10.12.2/firebase.tgz"},"live":{"version":"10.12","browserURL":"https://www.gstatic.com/firebasejs/live/10.12/firebase.js","packageURL":"https://www.gstatic.com/firebasejs/live/10.12/firebase.tgz"},"components":{"analytics":"https://www.gstatic.com/firebasejs/10.12.2/firebase-analytics.js","app":"https://www.gstatic.com/firebasejs/10.12.2/firebase-app.js","app-check":"https://www.gstatic.com/firebasejs/10.12.2/firebase-app-check.js","auth":"https://www.gstatic.com/firebasejs/10.12.2/firebase-auth.js","auth/cordova":"https://www.gstatic.com/firebasejs/10.12.2/firebase-auth/cordova.js","auth/web-extension":"https://www.gstatic.com/firebasejs/10.12.2/firebase-auth/web-extension.js","functions":"https://www.gstatic.com/firebasejs/10.12.2/firebase-functions.js","firestore":"https://www.gstatic.com/firebasejs/10.12.2/firebase-firestore.js","firestore/lite":"https://www.gstatic.com/firebasejs/10.12.2/firebase-firestore/lite.js","installations":"https://www.gstatic.com/firebasejs/10.12.2/firebase-installations.js","storage":"https://www.gstatic.com/firebasejs/10.12.2/firebase-storage.js","performance":"https://www.gstatic.com/firebasejs/10.12.2/firebase-performance.js","remote-config":"https://www.gstatic.com/firebasejs/10.12.2/firebase-remote-config.js","messaging":"https://www.gstatic.com/firebasejs/10.12.2/firebase-messaging.js","messaging/sw":"https://www.gstatic.com/firebasejs/10.12.2/firebase-messaging/sw.js","database":"https://www.gstatic.com/firebasejs/10.12.2/firebase-database.js","vertexai-preview":"https://www.gstatic.com/firebasejs/10.12.2/firebase-vertexai-preview.js","firestore.memory":"https://www.gstatic.com/firebasejs/10.12.2/firebase-firestore.memory.js"}}
[info] ✔  Wrote public/index.html 
[info] 
[info] i  Detected a .git folder at /Users/rishan 
[info] i  Authorizing with GitHub to upload your service account to a GitHub repository's secrets store. 
[info] 
[info] Visit this URL on this device to log in:
[info] https://github.com/login/oauth/authorize?client_id=89cf50f02ac6aaed3484&state=776779928&redirect_uri=http%3A%2F%2Flocalhost%3A9005&scope=read%3Auser%20repo%20public_repo
[info] 
[info] Waiting for authentication...
[debug] [2024-06-12T06:42:20.122Z] >>> [apiv2][query] POST https://github.com/login/oauth/access_token [none]
[debug] [2024-06-12T06:42:20.122Z] >>> [apiv2][body] POST https://github.com/login/oauth/access_token [stream]
[debug] [2024-06-12T06:42:20.863Z] <<< [apiv2][status] POST https://github.com/login/oauth/access_token 200
[debug] [2024-06-12T06:42:20.863Z] <<< [apiv2][body] POST https://github.com/login/oauth/access_token {"access_token":"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","token_type":"bearer","scope":"read:user,repo"}
[debug] [2024-06-12T06:42:20.878Z] >>> [apiv2][query] GET https://api.github.com/user [none]
[debug] [2024-06-12T06:42:21.677Z] <<< [apiv2][status] GET https://api.github.com/user 200
[debug] [2024-06-12T06:42:21.677Z] <<< [apiv2][body] GET https://api.github.com/user {"login":"rishanmuyeen","id":154730205,"node_id":"U_kgDOCTj-3Q","avatar_url":"https://avatars.githubusercontent.com/u/154730205?v=4","gravatar_id":"","url":"https://api.github.com/users/rishanmuyeen","html_url":"https://github.com/rishanmuyeen","followers_url":"https://api.github.com/users/rishanmuyeen/followers","following_url":"https://api.github.com/users/rishanmuyeen/following{/other_user}","gists_url":"https://api.github.com/users/rishanmuyeen/gists{/gist_id}","starred_url":"https://api.github.com/users/rishanmuyeen/starred{/owner}{/repo}","subscriptions_url":"https://api.github.com/users/rishanmuyeen/subscriptions","organizations_url":"https://api.github.com/users/rishanmuyeen/orgs","repos_url":"https://api.github.com/users/rishanmuyeen/repos","events_url":"https://api.github.com/users/rishanmuyeen/events{/privacy}","received_events_url":"https://api.github.com/users/rishanmuyeen/received_events","type":"User","site_admin":false,"name":null,"company":null,"blog":"","location":null,"email":null,"hireable":null,"bio":null,"twitter_username":null,"public_repos":2,"public_gists":0,"followers":0,"following":0,"created_at":"2023-12-24T09:21:35Z","updated_at":"2024-05-22T10:52:40Z","private_gists":0,"total_private_repos":1,"owned_private_repos":1,"disk_usage":1554,"collaborators":0,"two_factor_authentication":false,"plan":{"name":"free","space":976562499,"collaborators":0,"private_repos":10000}}
[info] 
[info] ✔  Success! Logged into GitHub as rishanmuyeen 
[info] 
[debug] [2024-06-12T06:42:21.687Z] >>> [apiv2][query] GET https://api.github.com/repos/n/actions/secrets/public-key type=owner
[debug] [2024-06-12T06:42:22.091Z] <<< [apiv2][status] GET https://api.github.com/repos/n/actions/secrets/public-key 404
[debug] [2024-06-12T06:42:22.092Z] <<< [apiv2][body] GET https://api.github.com/repos/n/actions/secrets/public-key {"message":"Not Found","documentation_url":"https://docs.github.com/rest","status":"404"}
[info] 
[info] 
[error] ⚠  The provided authorization cannot be used with this repository. If this repository is in an organization, did you remember to grant access? 
[info] 
[info] i  Action required: Visit this URL to ensure access has been granted to the appropriate organization(s) for the Firebase CLI GitHub OAuth App: 
[info] https://github.com/settings/connections/applications/89cf50f02ac6aaed3484
[info] 
[debug] [2024-06-12T06:43:49.523Z] >>> [apiv2][query] GET https://api.github.com/repos/ /actions/secrets/public-key type=owner
[debug] [2024-06-12T06:43:50.357Z] <<< [apiv2][status] GET https://api.github.com/repos/ /actions/secrets/public-key 404
[debug] [2024-06-12T06:43:50.357Z] <<< [apiv2][body] GET https://api.github.com/repos/ /actions/secrets/public-key {"message":"Not Found","documentation_url":"https://docs.github.com/rest","status":"404"}
[info] 
[info] 
[error] ⚠  The provided authorization cannot be used with this repository. If this repository is in an organization, did you remember to grant access? 
[info] 
[info] i  Action required: Visit this URL to ensure access has been granted to the appropriate organization(s) for the Firebase CLI GitHub OAuth App: 
[info] https://github.com/settings/connections/applications/89cf50f02ac6aaed3484
[info] 
[debug] [2024-06-12T06:43:51.057Z] >>> [apiv2][query] GET https://api.github.com/repos/ y/actions/secrets/public-key type=owner
[debug] [2024-06-12T06:43:51.471Z] <<< [apiv2][status] GET https://api.github.com/repos/ y/actions/secrets/public-key 404
[debug] [2024-06-12T06:43:51.471Z] <<< [apiv2][body] GET https://api.github.com/repos/ y/actions/secrets/public-key {"message":"Not Found","documentation_url":"https://docs.github.com/rest","status":"404"}
[info] 
[info] 
[error] ⚠  The provided authorization cannot be used with this repository. If this repository is in an organization, did you remember to grant access? 
[info] 
[info] i  Action required: Visit this URL to ensure access has been granted to the appropriate organization(s) for the Firebase CLI GitHub OAuth App: 
[info] https://github.com/settings/connections/applications/89cf50f02ac6aaed3484
[info] 
[debug] [2024-06-12T06:43:53.641Z] >>> [apiv2][query] GET https://api.github.com/repos/ y/actions/secrets/public-key type=owner
[debug] [2024-06-12T06:43:54.034Z] <<< [apiv2][status] GET https://api.github.com/repos/ y/actions/secrets/public-key 404
[debug] [2024-06-12T06:43:54.034Z] <<< [apiv2][body] GET https://api.github.com/repos/ y/actions/secrets/public-key {"message":"Not Found","documentation_url":"https://docs.github.com/rest","status":"404"}
[info] 
[info] 
[error] ⚠  The provided authorization cannot be used with this repository. If this repository is in an organization, did you remember to grant access? 
[info] 
[info] i  Action required: Visit this URL to ensure access has been granted to the appropriate organization(s) for the Firebase CLI GitHub OAuth App: 
[info] https://github.com/settings/connections/applications/89cf50f02ac6aaed3484
[info] 
[debug] [2024-06-12T06:43:57.883Z] >>> [apiv2][query] GET https://api.github.com/repos/ y/actions/secrets/public-key type=owner
[debug] [2024-06-12T06:43:58.349Z] <<< [apiv2][status] GET https://api.github.com/repos/ y/actions/secrets/public-key 404
[debug] [2024-06-12T06:43:58.349Z] <<< [apiv2][body] GET https://api.github.com/repos/ y/actions/secrets/public-key {"message":"Not Found","documentation_url":"https://docs.github.com/rest","status":"404"}
[info] 
[info] 
[error] ⚠  The provided authorization cannot be used with this repository. If this repository is in an organization, did you remember to grant access? 
[info] 
[info] i  Action required: Visit this URL to ensure access has been granted to the appropriate organization(s) for the Firebase CLI GitHub OAuth App: 
[info] https://github.com/settings/connections/applications/89cf50f02ac6aaed3484
[info] 
[debug] [2024-06-12T06:44:01.388Z] >>> [apiv2][query] GET https://api.github.com/repos/ y/actions/secrets/public-key type=owner
[debug] [2024-06-12T06:44:02.035Z] <<< [apiv2][status] GET https://api.github.com/repos/ y/actions/secrets/public-key 404
[debug] [2024-06-12T06:44:02.035Z] <<< [apiv2][body] GET https://api.github.com/repos/ y/actions/secrets/public-key {"message":"Not Found","documentation_url":"https://docs.github.com/rest","status":"404"}
[info] 
[info] 
[error] ⚠  The provided authorization cannot be used with this repository. If this repository is in an organization, did you remember to grant access? 
[info] 
[info] i  Action required: Visit this URL to ensure access has been granted to the appropriate organization(s) for the Firebase CLI GitHub OAuth App: 
[info] https://github.com/settings/connections/applications/89cf50f02ac6aaed3484
[info] 
[debug] [2024-06-12T06:44:09.519Z] >>> [apiv2][query] GET https://api.github.com/repos/ yq/actions/secrets/public-key type=owner
[debug] [2024-06-12T06:44:10.115Z] <<< [apiv2][status] GET https://api.github.com/repos/ yq/actions/secrets/public-key 404
[debug] [2024-06-12T06:44:10.115Z] <<< [apiv2][body] GET https://api.github.com/repos/ yq/actions/secrets/public-key {"message":"Not Found","documentation_url":"https://docs.github.com/rest","status":"404"}
[info] 
[info] 
[error] ⚠  The provided authorization cannot be used with this repository. If this repository is in an organization, did you remember to grant access? 
[info] 
[info] i  Action required: Visit this URL to ensure access has been granted to the appropriate organization(s) for the Firebase CLI GitHub OAuth App: 
[info] https://github.com/settings/connections/applications/89cf50f02ac6aaed3484
[info] 
[debug] [2024-06-12T06:44:13.075Z] >>> [apiv2][query] GET https://api.github.com/repos/y/actions/secrets/public-key type=owner
[debug] [2024-06-12T06:44:13.519Z] <<< [apiv2][status] GET https://api.github.com/repos/y/actions/secrets/public-key 404
[debug] [2024-06-12T06:44:13.519Z] <<< [apiv2][body] GET https://api.github.com/repos/y/actions/secrets/public-key {"message":"Not Found","documentation_url":"https://docs.github.com/rest","status":"404"}
[info] 
[info] 
[error] ⚠  The provided authorization cannot be used with this repository. If this repository is in an organization, did you remember to grant access? 
[info] 
[info] i  Action required: Visit this URL to ensure access has been granted to the appropriate organization(s) for the Firebase CLI GitHub OAuth App: 
[info] https://github.com/settings/connections/applications/89cf50f02ac6aaed3484
[info] 
[debug] [2024-06-12T06:44:14.502Z] >>> [apiv2][query] GET https://api.github.com/repos/yy/actions/secrets/public-key type=owner
[debug] [2024-06-12T06:44:15.142Z] <<< [apiv2][status] GET https://api.github.com/repos/yy/actions/secrets/public-key 404
[debug] [2024-06-12T06:44:15.142Z] <<< [apiv2][body] GET https://api.github.com/repos/yy/actions/secrets/public-key {"message":"Not Found","documentation_url":"https://docs.github.com/rest","status":"404"}
[info] 
[info] 
[error] ⚠  The provided authorization cannot be used with this repository. If this repository is in an organization, did you remember to grant access? 
[info] 
[info] i  Action required: Visit this URL to ensure access has been granted to the appropriate organization(s) for the Firebase CLI GitHub OAuth App: 
[info] https://github.com/settings/connections/applications/89cf50f02ac6aaed3484
[info] 
[debug] [2024-06-12T06:44:33.218Z] >>> [apiv2][query] GET https://api.github.com/repos/  y/actions/secrets/public-key type=owner
[debug] [2024-06-12T06:44:33.982Z] <<< [apiv2][status] GET https://api.github.com/repos/  y/actions/secrets/public-key 404
[debug] [2024-06-12T06:44:33.982Z] <<< [apiv2][body] GET https://api.github.com/repos/  y/actions/secrets/public-key {"message":"Not Found","documentation_url":"https://docs.github.com/rest","status":"404"}
[info] 
[info] 
[error] ⚠  The provided authorization cannot be used with this repository. If this repository is in an organization, did you remember to grant access? 
[info] 
[info] i  Action required: Visit this URL to ensure access has been granted to the appropriate organization(s) for the Firebase CLI GitHub OAuth App: 
[info] https://github.com/settings/connections/applications/89cf50f02ac6aaed3484
[info] 
[debug] [2024-06-12T06:44:36.956Z] >>> [apiv2][query] GET https://api.github.com/repos/ q/actions/secrets/public-key type=owner
[debug] [2024-06-12T06:44:37.395Z] <<< [apiv2][status] GET https://api.github.com/repos/ q/actions/secrets/public-key 404
[debug] [2024-06-12T06:44:37.396Z] <<< [apiv2][body] GET https://api.github.com/repos/ q/actions/secrets/public-key {"message":"Not Found","documentation_url":"https://docs.github.com/rest","status":"404"}
[info] 
[info] 
[error] ⚠  The provided authorization cannot be used with this repository. If this repository is in an organization, did you remember to grant access? 
[info] 
[info] i  Action required: Visit this URL to ensure access has been granted to the appropriate organization(s) for the Firebase CLI GitHub OAuth App: 
[info] https://github.com/settings/connections/applications/89cf50f02ac6aaed3484
[info] 
[debug] [2024-06-12T06:44:38.106Z] >>> [apiv2][query] GET https://api.github.com/repos/q qqqqq/actions/secrets/public-key type=owner
[debug] [2024-06-12T06:44:38.318Z] >>> [apiv2][query] GET https://api.github.com/repos//actions/secrets/public-key type=owner
[debug] [2024-06-12T06:44:38.529Z] >>> [apiv2][query] GET https://api.github.com/repos//actions/secrets/public-key type=owner
[debug] [2024-06-12T06:44:38.530Z] <<< [apiv2][status] GET https://api.github.com/repos/q qqqqq/actions/secrets/public-key 404
[debug] [2024-06-12T06:44:38.530Z] <<< [apiv2][body] GET https://api.github.com/repos/q qqqqq/actions/secrets/public-key {"message":"Not Found","documentation_url":"https://docs.github.com/rest","status":"404"}
[info] 
[info] 
[error] ⚠  The provided authorization cannot be used with this repository. If this repository is in an organization, did you remember to grant access? 
[info] 
[info] i  Action required: Visit this URL to ensure access has been granted to the appropriate organization(s) for the Firebase CLI GitHub OAuth App: 
[info] https://github.com/settings/connections/applications/89cf50f02ac6aaed3484
[info] 
[debug] [2024-06-12T06:44:38.729Z] >>> [apiv2][query] GET https://api.github.com/repos/q qqqqq/actions/secrets/public-key type=owner
[debug] [2024-06-12T06:44:38.905Z] <<< [apiv2][status] GET https://api.github.com/repos//actions/secrets/public-key 404
[debug] [2024-06-12T06:44:38.905Z] <<< [apiv2][body] GET https://api.github.com/repos//actions/secrets/public-key {"message":"Not Found","documentation_url":"https://docs.github.com/rest","status":"404"}
[info] 
[info] 
[error] ⚠  The provided authorization cannot be used with this repository. If this repository is in an organization, did you remember to grant access? 
[info] 
[info] i  Action required: Visit this URL to ensure access has been granted to the appropriate organization(s) for the Firebase CLI GitHub OAuth App: 
[info] https://github.com/settings/connections/applications/89cf50f02ac6aaed3484
[info] 
[debug] [2024-06-12T06:44:38.994Z] <<< [apiv2][status] GET https://api.github.com/repos//actions/secrets/public-key 404
[debug] [2024-06-12T06:44:38.995Z] <<< [apiv2][body] GET https://api.github.com/repos//actions/secrets/public-key {"message":"Not Found","documentation_url":"https://docs.github.com/rest","status":"404"}
[info] 
[info] 
[error] ⚠  The provided authorization cannot be used with this repository. If this repository is in an organization, did you remember to grant access? 
[info] 
[info] i  Action required: Visit this URL to ensure access has been granted to the appropriate organization(s) for the Firebase CLI GitHub OAuth App: 
[info] https://github.com/settings/connections/applications/89cf50f02ac6aaed3484
[info] 
[debug] [2024-06-12T06:44:39.319Z] <<< [apiv2][status] GET https://api.github.com/repos/q qqqqq/actions/secrets/public-key 404
[debug] [2024-06-12T06:44:39.319Z] <<< [apiv2][body] GET https://api.github.com/repos/q qqqqq/actions/secrets/public-key {"message":"Not Found","documentation_url":"https://docs.github.com/rest","status":"404"}
[info] 
[info] 
[error] ⚠  The provided authorization cannot be used with this repository. If this repository is in an organization, did you remember to grant access? 
[info] 
[info] i  Action required: Visit this URL to ensure access has been granted to the appropriate organization(s) for the Firebase CLI GitHub OAuth App: 
[info] https://github.com/settings/connections/applications/89cf50f02ac6aaed3484
[info] 
[debug] [2024-06-12T06:44:39.402Z] >>> [apiv2][query] GET https://api.github.com/repos/q qqqqq/actions/secrets/public-key type=owner
[debug] [2024-06-12T06:44:39.923Z] <<< [apiv2][status] GET https://api.github.com/repos/q qqqqq/actions/secrets/public-key 404
[debug] [2024-06-12T06:44:39.924Z] <<< [apiv2][body] GET https://api.github.com/repos/q qqqqq/actions/secrets/public-key {"message":"Not Found","documentation_url":"https://docs.github.com/rest","status":"404"}
[info] 
[info] 
[error] ⚠  The provided authorization cannot be used with this repository. If this repository is in an organization, did you remember to grant access? 
[info] 
[info] i  Action required: Visit this URL to ensure access has been granted to the appropriate organization(s) for the Firebase CLI GitHub OAuth App: 
[info] https://github.com/settings/connections/applications/89cf50f02ac6aaed3484
[info] 
